<?xml version="1.0" encoding="UTF-8"?>
<testsuite name="dev.gamingartum.atelier.spell.GlyphScorerTest" tests="5" skipped="0" failures="0" errors="0" timestamp="2026-06-24T21:37:57.757Z" hostname="MY_PRECIOUS" time="0.042">
  <properties/>
  <testcase name="powerTierMapping()" classname="dev.gamingartum.atelier.spell.GlyphScorerTest" time="0.018"/>
  <testcase name="closedRingWithInnerLines_isValid()" classname="dev.gamingartum.atelier.spell.GlyphScorerTest" time="0.003"/>
  <testcase name="emptyStrokes_returnsZeroPower()" classname="dev.gamingartum.atelier.spell.GlyphScorerTest" time="0.001"/>
  <testcase name="neatTraceScoresHigherThanNoisyTrace()" classname="dev.gamingartum.atelier.spell.GlyphScorerTest" time="0.003"/>
  <testcase name="openRing_isInvalid()" classname="dev.gamingartum.atelier.spell.GlyphScorerTest" time="0.0"/>
  <system-out><![CDATA[]]></system-out>
  <system-err><![CDATA[]]></system-err>
</testsuite>
